c:\users\dell\source\repos\sonar\sonar\debug\vc141.pdb
c:\users\dell\source\repos\sonar\sonar\debug\vc141.idb
c:\users\dell\source\repos\sonar\sonar\debug\land.obj
c:\users\dell\source\repos\sonar\sonar\debug\pipe.obj
c:\users\dell\source\repos\sonar\sonar\debug\collision.obj
c:\users\dell\source\repos\game\sonar\debug\sonar.pch
c:\users\dell\source\repos\game\sonar\debug\vc141.pdb
c:\users\dell\source\repos\game\sonar\debug\vc141.idb
c:\users\dell\source\repos\game\sonar\debug\stdafx.obj
c:\users\dell\source\repos\game\sonar\debug\assetmanager.obj
c:\users\dell\source\repos\game\sonar\debug\ellenbaker.obj
c:\users\dell\source\repos\game\sonar\debug\game.obj
c:\users\dell\source\repos\game\sonar\debug\gameplaystartmenu.obj
c:\users\dell\source\repos\game\sonar\debug\gamestate.obj
c:\users\dell\source\repos\game\sonar\debug\grammarstate.obj
c:\users\dell\source\repos\game\sonar\debug\inputmanager.obj
c:\users\dell\source\repos\game\sonar\debug\mainmenustate.obj
c:\users\dell\source\repos\game\sonar\debug\qanda.obj
c:\users\dell\source\repos\game\sonar\debug\englisheducator.obj
c:\users\dell\source\repos\game\sonar\debug\splashstate.obj
c:\users\dell\source\repos\game\sonar\debug\statemachine.obj
c:\users\dell\source\repos\sonar\debug\sonar.exe
c:\users\dell\source\repos\sonar\debug\sonar.ilk
c:\users\dell\source\repos\sonar\debug\sonar.pdb
c:\users\dell\source\repos\game\debug\sonar.exe
c:\users\dell\source\repos\game\debug\sonar.ilk
c:\users\dell\source\repos\game\debug\sonar.pdb
c:\users\dell\source\repos\game\sonar\debug\bird.obj
c:\users\dell\source\repos\game\sonar\debug\collision.obj
c:\users\dell\source\repos\game\sonar\debug\flash.obj
c:\users\dell\source\repos\game\sonar\debug\gameoverstate.obj
c:\users\dell\source\repos\game\sonar\debug\hud.obj
c:\users\dell\source\repos\game\sonar\debug\land.obj
c:\users\dell\source\repos\game\sonar\debug\maincharacter.obj
c:\users\dell\source\repos\game\sonar\debug\pipe.obj
c:\users\dell\source\repos\game\sonar\debug\sonar.obj
c:\users\dell\source\repos\game\sonar\debug\sonar.tlog\cl.command.1.tlog
c:\users\dell\source\repos\game\sonar\debug\sonar.tlog\cl.read.1.tlog
c:\users\dell\source\repos\game\sonar\debug\sonar.tlog\cl.write.1.tlog
c:\users\dell\source\repos\game\sonar\debug\sonar.tlog\link.command.1.tlog
c:\users\dell\source\repos\game\sonar\debug\sonar.tlog\link.read.1.tlog
c:\users\dell\source\repos\game\sonar\debug\sonar.tlog\link.write.1.tlog
